CRITICAL - 2024-11-09 03:38:21 --> Error: Class "Codeigniter\Controller" not found
[Method: GET, Route: register]
in APPPATH\Controllers\Register.php on line 6.
 1 SYSTEMPATH\Router\AutoRouter.php(147): include_once()
 2 SYSTEMPATH\Router\Router.php(563): CodeIgniter\Router\AutoRouter->getRoute('register', 'GET')
 3 SYSTEMPATH\Router\Router.php(228): CodeIgniter\Router\Router->autoRoute('register')
 4 SYSTEMPATH\CodeIgniter.php(834): CodeIgniter\Router\Router->handle('register')
 5 SYSTEMPATH\CodeIgniter.php(457): CodeIgniter\CodeIgniter->tryToRouteIt(Object(CodeIgniter\Router\RouteCollection))
 6 SYSTEMPATH\CodeIgniter.php(355): CodeIgniter\CodeIgniter->handleRequest(null, Object(Config\Cache), false)
 7 SYSTEMPATH\Boot.php(325): CodeIgniter\CodeIgniter->run()
 8 SYSTEMPATH\Boot.php(67): CodeIgniter\Boot::runCodeIgniter(Object(CodeIgniter\CodeIgniter))
 9 FCPATH\index.php(56): CodeIgniter\Boot::bootWeb(Object(Config\Paths))
10 SYSTEMPATH\rewrite.php(44): require_once('C:\\laragon\\www\\ci4_dina\\public\\index.php')
CRITICAL - 2024-11-09 03:39:08 --> Error: Class "Codeigniter\Controller" not found
[Method: GET, Route: register]
in APPPATH\Controllers\Register.php on line 6.
 1 SYSTEMPATH\Router\AutoRouter.php(147): include_once()
 2 SYSTEMPATH\Router\Router.php(563): CodeIgniter\Router\AutoRouter->getRoute('register', 'GET')
 3 SYSTEMPATH\Router\Router.php(228): CodeIgniter\Router\Router->autoRoute('register')
 4 SYSTEMPATH\CodeIgniter.php(834): CodeIgniter\Router\Router->handle('register')
 5 SYSTEMPATH\CodeIgniter.php(457): CodeIgniter\CodeIgniter->tryToRouteIt(Object(CodeIgniter\Router\RouteCollection))
 6 SYSTEMPATH\CodeIgniter.php(355): CodeIgniter\CodeIgniter->handleRequest(null, Object(Config\Cache), false)
 7 SYSTEMPATH\Boot.php(325): CodeIgniter\CodeIgniter->run()
 8 SYSTEMPATH\Boot.php(67): CodeIgniter\Boot::runCodeIgniter(Object(CodeIgniter\CodeIgniter))
 9 FCPATH\index.php(56): CodeIgniter\Boot::bootWeb(Object(Config\Paths))
10 SYSTEMPATH\rewrite.php(44): require_once('C:\\laragon\\www\\ci4_dina\\public\\index.php')
CRITICAL - 2024-11-09 03:39:11 --> Error: Class "Codeigniter\Controller" not found
[Method: GET, Route: register]
in APPPATH\Controllers\Register.php on line 6.
 1 SYSTEMPATH\Router\AutoRouter.php(147): include_once()
 2 SYSTEMPATH\Router\Router.php(563): CodeIgniter\Router\AutoRouter->getRoute('register', 'GET')
 3 SYSTEMPATH\Router\Router.php(228): CodeIgniter\Router\Router->autoRoute('register')
 4 SYSTEMPATH\CodeIgniter.php(834): CodeIgniter\Router\Router->handle('register')
 5 SYSTEMPATH\CodeIgniter.php(457): CodeIgniter\CodeIgniter->tryToRouteIt(Object(CodeIgniter\Router\RouteCollection))
 6 SYSTEMPATH\CodeIgniter.php(355): CodeIgniter\CodeIgniter->handleRequest(null, Object(Config\Cache), false)
 7 SYSTEMPATH\Boot.php(325): CodeIgniter\CodeIgniter->run()
 8 SYSTEMPATH\Boot.php(67): CodeIgniter\Boot::runCodeIgniter(Object(CodeIgniter\CodeIgniter))
 9 FCPATH\index.php(56): CodeIgniter\Boot::bootWeb(Object(Config\Paths))
10 SYSTEMPATH\rewrite.php(44): require_once('C:\\laragon\\www\\ci4_dina\\public\\index.php')
CRITICAL - 2024-11-09 03:39:17 --> Error: Class "Codeigniter\Controller" not found
[Method: GET, Route: register]
in APPPATH\Controllers\Register.php on line 6.
 1 SYSTEMPATH\Router\AutoRouter.php(147): include_once()
 2 SYSTEMPATH\Router\Router.php(563): CodeIgniter\Router\AutoRouter->getRoute('register', 'GET')
 3 SYSTEMPATH\Router\Router.php(228): CodeIgniter\Router\Router->autoRoute('register')
 4 SYSTEMPATH\CodeIgniter.php(834): CodeIgniter\Router\Router->handle('register')
 5 SYSTEMPATH\CodeIgniter.php(457): CodeIgniter\CodeIgniter->tryToRouteIt(Object(CodeIgniter\Router\RouteCollection))
 6 SYSTEMPATH\CodeIgniter.php(355): CodeIgniter\CodeIgniter->handleRequest(null, Object(Config\Cache), false)
 7 SYSTEMPATH\Boot.php(325): CodeIgniter\CodeIgniter->run()
 8 SYSTEMPATH\Boot.php(67): CodeIgniter\Boot::runCodeIgniter(Object(CodeIgniter\CodeIgniter))
 9 FCPATH\index.php(56): CodeIgniter\Boot::bootWeb(Object(Config\Paths))
10 SYSTEMPATH\rewrite.php(44): require_once('C:\\laragon\\www\\ci4_dina\\public\\index.php')
CRITICAL - 2024-11-09 03:39:44 --> Error: Class "Codeigniter\Controller" not found
[Method: GET, Route: register]
in APPPATH\Controllers\Register.php on line 6.
 1 SYSTEMPATH\Router\AutoRouter.php(147): include_once()
 2 SYSTEMPATH\Router\Router.php(563): CodeIgniter\Router\AutoRouter->getRoute('register', 'GET')
 3 SYSTEMPATH\Router\Router.php(228): CodeIgniter\Router\Router->autoRoute('register')
 4 SYSTEMPATH\CodeIgniter.php(834): CodeIgniter\Router\Router->handle('register')
 5 SYSTEMPATH\CodeIgniter.php(457): CodeIgniter\CodeIgniter->tryToRouteIt(Object(CodeIgniter\Router\RouteCollection))
 6 SYSTEMPATH\CodeIgniter.php(355): CodeIgniter\CodeIgniter->handleRequest(null, Object(Config\Cache), false)
 7 SYSTEMPATH\Boot.php(325): CodeIgniter\CodeIgniter->run()
 8 SYSTEMPATH\Boot.php(67): CodeIgniter\Boot::runCodeIgniter(Object(CodeIgniter\CodeIgniter))
 9 FCPATH\index.php(56): CodeIgniter\Boot::bootWeb(Object(Config\Paths))
10 SYSTEMPATH\rewrite.php(44): require_once('C:\\laragon\\www\\ci4_dina\\public\\index.php')
CRITICAL - 2024-11-09 03:39:45 --> Error: Class "Codeigniter\Controller" not found
[Method: GET, Route: register]
in APPPATH\Controllers\Register.php on line 6.
 1 SYSTEMPATH\Router\AutoRouter.php(147): include_once()
 2 SYSTEMPATH\Router\Router.php(563): CodeIgniter\Router\AutoRouter->getRoute('register', 'GET')
 3 SYSTEMPATH\Router\Router.php(228): CodeIgniter\Router\Router->autoRoute('register')
 4 SYSTEMPATH\CodeIgniter.php(834): CodeIgniter\Router\Router->handle('register')
 5 SYSTEMPATH\CodeIgniter.php(457): CodeIgniter\CodeIgniter->tryToRouteIt(Object(CodeIgniter\Router\RouteCollection))
 6 SYSTEMPATH\CodeIgniter.php(355): CodeIgniter\CodeIgniter->handleRequest(null, Object(Config\Cache), false)
 7 SYSTEMPATH\Boot.php(325): CodeIgniter\CodeIgniter->run()
 8 SYSTEMPATH\Boot.php(67): CodeIgniter\Boot::runCodeIgniter(Object(CodeIgniter\CodeIgniter))
 9 FCPATH\index.php(56): CodeIgniter\Boot::bootWeb(Object(Config\Paths))
10 SYSTEMPATH\rewrite.php(44): require_once('C:\\laragon\\www\\ci4_dina\\public\\index.php')
CRITICAL - 2024-11-09 03:40:35 --> Error: Class "Codeigniter\Controller" not found
[Method: GET, Route: register]
in APPPATH\Controllers\Register.php on line 6.
 1 SYSTEMPATH\Router\AutoRouter.php(147): include_once()
 2 SYSTEMPATH\Router\Router.php(563): CodeIgniter\Router\AutoRouter->getRoute('register', 'GET')
 3 SYSTEMPATH\Router\Router.php(228): CodeIgniter\Router\Router->autoRoute('register')
 4 SYSTEMPATH\CodeIgniter.php(834): CodeIgniter\Router\Router->handle('register')
 5 SYSTEMPATH\CodeIgniter.php(457): CodeIgniter\CodeIgniter->tryToRouteIt(Object(CodeIgniter\Router\RouteCollection))
 6 SYSTEMPATH\CodeIgniter.php(355): CodeIgniter\CodeIgniter->handleRequest(null, Object(Config\Cache), false)
 7 SYSTEMPATH\Boot.php(325): CodeIgniter\CodeIgniter->run()
 8 SYSTEMPATH\Boot.php(67): CodeIgniter\Boot::runCodeIgniter(Object(CodeIgniter\CodeIgniter))
 9 FCPATH\index.php(56): CodeIgniter\Boot::bootWeb(Object(Config\Paths))
10 SYSTEMPATH\rewrite.php(44): require_once('C:\\laragon\\www\\ci4_dina\\public\\index.php')
CRITICAL - 2024-11-09 03:40:46 --> Error: Class "Codeigniter\Controller" not found
[Method: GET, Route: register]
in APPPATH\Controllers\Register.php on line 6.
 1 SYSTEMPATH\Router\AutoRouter.php(147): include_once()
 2 SYSTEMPATH\Router\Router.php(563): CodeIgniter\Router\AutoRouter->getRoute('register', 'GET')
 3 SYSTEMPATH\Router\Router.php(228): CodeIgniter\Router\Router->autoRoute('register')
 4 SYSTEMPATH\CodeIgniter.php(834): CodeIgniter\Router\Router->handle('register')
 5 SYSTEMPATH\CodeIgniter.php(457): CodeIgniter\CodeIgniter->tryToRouteIt(Object(CodeIgniter\Router\RouteCollection))
 6 SYSTEMPATH\CodeIgniter.php(355): CodeIgniter\CodeIgniter->handleRequest(null, Object(Config\Cache), false)
 7 SYSTEMPATH\Boot.php(325): CodeIgniter\CodeIgniter->run()
 8 SYSTEMPATH\Boot.php(67): CodeIgniter\Boot::runCodeIgniter(Object(CodeIgniter\CodeIgniter))
 9 FCPATH\index.php(56): CodeIgniter\Boot::bootWeb(Object(Config\Paths))
10 SYSTEMPATH\rewrite.php(44): require_once('C:\\laragon\\www\\ci4_dina\\public\\index.php')
CRITICAL - 2024-11-09 03:41:03 --> Error: Class "Codeigniter\Controller" not found
[Method: GET, Route: register]
in APPPATH\Controllers\Register.php on line 6.
 1 SYSTEMPATH\Router\AutoRouter.php(147): include_once()
 2 SYSTEMPATH\Router\Router.php(563): CodeIgniter\Router\AutoRouter->getRoute('register', 'GET')
 3 SYSTEMPATH\Router\Router.php(228): CodeIgniter\Router\Router->autoRoute('register')
 4 SYSTEMPATH\CodeIgniter.php(834): CodeIgniter\Router\Router->handle('register')
 5 SYSTEMPATH\CodeIgniter.php(457): CodeIgniter\CodeIgniter->tryToRouteIt(Object(CodeIgniter\Router\RouteCollection))
 6 SYSTEMPATH\CodeIgniter.php(355): CodeIgniter\CodeIgniter->handleRequest(null, Object(Config\Cache), false)
 7 SYSTEMPATH\Boot.php(325): CodeIgniter\CodeIgniter->run()
 8 SYSTEMPATH\Boot.php(67): CodeIgniter\Boot::runCodeIgniter(Object(CodeIgniter\CodeIgniter))
 9 FCPATH\index.php(56): CodeIgniter\Boot::bootWeb(Object(Config\Paths))
10 SYSTEMPATH\rewrite.php(44): require_once('C:\\laragon\\www\\ci4_dina\\public\\index.php')
CRITICAL - 2024-11-09 03:41:47 --> Error: Class "Codeigniter\Controller" not found
[Method: GET, Route: register]
in APPPATH\Controllers\Register.php on line 6.
 1 SYSTEMPATH\Router\AutoRouter.php(147): include_once()
 2 SYSTEMPATH\Router\Router.php(563): CodeIgniter\Router\AutoRouter->getRoute('register', 'GET')
 3 SYSTEMPATH\Router\Router.php(228): CodeIgniter\Router\Router->autoRoute('register')
 4 SYSTEMPATH\CodeIgniter.php(834): CodeIgniter\Router\Router->handle('register')
 5 SYSTEMPATH\CodeIgniter.php(457): CodeIgniter\CodeIgniter->tryToRouteIt(Object(CodeIgniter\Router\RouteCollection))
 6 SYSTEMPATH\CodeIgniter.php(355): CodeIgniter\CodeIgniter->handleRequest(null, Object(Config\Cache), false)
 7 SYSTEMPATH\Boot.php(325): CodeIgniter\CodeIgniter->run()
 8 SYSTEMPATH\Boot.php(67): CodeIgniter\Boot::runCodeIgniter(Object(CodeIgniter\CodeIgniter))
 9 FCPATH\index.php(56): CodeIgniter\Boot::bootWeb(Object(Config\Paths))
10 SYSTEMPATH\rewrite.php(44): require_once('C:\\laragon\\www\\ci4_dina\\public\\index.php')
CRITICAL - 2024-11-09 03:42:00 --> Error: Class "Codeigniter\Controller" not found
[Method: GET, Route: register]
in APPPATH\Controllers\Register.php on line 6.
 1 SYSTEMPATH\Router\AutoRouter.php(147): include_once()
 2 SYSTEMPATH\Router\Router.php(563): CodeIgniter\Router\AutoRouter->getRoute('register', 'GET')
 3 SYSTEMPATH\Router\Router.php(228): CodeIgniter\Router\Router->autoRoute('register')
 4 SYSTEMPATH\CodeIgniter.php(834): CodeIgniter\Router\Router->handle('register')
 5 SYSTEMPATH\CodeIgniter.php(457): CodeIgniter\CodeIgniter->tryToRouteIt(Object(CodeIgniter\Router\RouteCollection))
 6 SYSTEMPATH\CodeIgniter.php(355): CodeIgniter\CodeIgniter->handleRequest(null, Object(Config\Cache), false)
 7 SYSTEMPATH\Boot.php(325): CodeIgniter\CodeIgniter->run()
 8 SYSTEMPATH\Boot.php(67): CodeIgniter\Boot::runCodeIgniter(Object(CodeIgniter\CodeIgniter))
 9 FCPATH\index.php(56): CodeIgniter\Boot::bootWeb(Object(Config\Paths))
10 SYSTEMPATH\rewrite.php(44): require_once('C:\\laragon\\www\\ci4_dina\\public\\index.php')
CRITICAL - 2024-11-09 03:45:17 --> Error: Class "Codeigniter\Controller" not found
[Method: GET, Route: register]
in APPPATH\Controllers\Register.php on line 6.
 1 SYSTEMPATH\Router\AutoRouter.php(147): include_once()
 2 SYSTEMPATH\Router\Router.php(563): CodeIgniter\Router\AutoRouter->getRoute('register', 'GET')
 3 SYSTEMPATH\Router\Router.php(228): CodeIgniter\Router\Router->autoRoute('register')
 4 SYSTEMPATH\CodeIgniter.php(834): CodeIgniter\Router\Router->handle('register')
 5 SYSTEMPATH\CodeIgniter.php(457): CodeIgniter\CodeIgniter->tryToRouteIt(Object(CodeIgniter\Router\RouteCollection))
 6 SYSTEMPATH\CodeIgniter.php(355): CodeIgniter\CodeIgniter->handleRequest(null, Object(Config\Cache), false)
 7 SYSTEMPATH\Boot.php(325): CodeIgniter\CodeIgniter->run()
 8 SYSTEMPATH\Boot.php(67): CodeIgniter\Boot::runCodeIgniter(Object(CodeIgniter\CodeIgniter))
 9 FCPATH\index.php(56): CodeIgniter\Boot::bootWeb(Object(Config\Paths))
10 SYSTEMPATH\rewrite.php(44): require_once('C:\\laragon\\www\\ci4_dina\\public\\index.php')
CRITICAL - 2024-11-09 03:45:17 --> Error: Class "Codeigniter\Controller" not found
[Method: GET, Route: register]
in APPPATH\Controllers\Register.php on line 6.
 1 SYSTEMPATH\Router\AutoRouter.php(147): include_once()
 2 SYSTEMPATH\Router\Router.php(563): CodeIgniter\Router\AutoRouter->getRoute('register', 'GET')
 3 SYSTEMPATH\Router\Router.php(228): CodeIgniter\Router\Router->autoRoute('register')
 4 SYSTEMPATH\CodeIgniter.php(834): CodeIgniter\Router\Router->handle('register')
 5 SYSTEMPATH\CodeIgniter.php(457): CodeIgniter\CodeIgniter->tryToRouteIt(Object(CodeIgniter\Router\RouteCollection))
 6 SYSTEMPATH\CodeIgniter.php(355): CodeIgniter\CodeIgniter->handleRequest(null, Object(Config\Cache), false)
 7 SYSTEMPATH\Boot.php(325): CodeIgniter\CodeIgniter->run()
 8 SYSTEMPATH\Boot.php(67): CodeIgniter\Boot::runCodeIgniter(Object(CodeIgniter\CodeIgniter))
 9 FCPATH\index.php(56): CodeIgniter\Boot::bootWeb(Object(Config\Paths))
10 SYSTEMPATH\rewrite.php(44): require_once('C:\\laragon\\www\\ci4_dina\\public\\index.php')
CRITICAL - 2024-11-09 03:53:39 --> Error: Class "Codeigniter\Controller" not found
[Method: GET, Route: register]
in APPPATH\Controllers\Register.php on line 6.
 1 SYSTEMPATH\Router\AutoRouter.php(147): include_once()
 2 SYSTEMPATH\Router\Router.php(563): CodeIgniter\Router\AutoRouter->getRoute('register', 'GET')
 3 SYSTEMPATH\Router\Router.php(228): CodeIgniter\Router\Router->autoRoute('register')
 4 SYSTEMPATH\CodeIgniter.php(834): CodeIgniter\Router\Router->handle('register')
 5 SYSTEMPATH\CodeIgniter.php(457): CodeIgniter\CodeIgniter->tryToRouteIt(Object(CodeIgniter\Router\RouteCollection))
 6 SYSTEMPATH\CodeIgniter.php(355): CodeIgniter\CodeIgniter->handleRequest(null, Object(Config\Cache), false)
 7 SYSTEMPATH\Boot.php(325): CodeIgniter\CodeIgniter->run()
 8 SYSTEMPATH\Boot.php(67): CodeIgniter\Boot::runCodeIgniter(Object(CodeIgniter\CodeIgniter))
 9 FCPATH\index.php(56): CodeIgniter\Boot::bootWeb(Object(Config\Paths))
10 SYSTEMPATH\rewrite.php(44): require_once('C:\\laragon\\www\\ci4_dina\\public\\index.php')
